c:\stuff\dev\cpp\ethyl\builds\tmp\x64\release\vc142.pdb
c:\stuff\dev\cpp\ethyl\builds\tmp\x64\release\neuron.obj
c:\stuff\dev\cpp\ethyl\builds\tmp\x64\release\vec4.obj
c:\stuff\dev\cpp\ethyl\builds\tmp\x64\release\vec3.obj
c:\stuff\dev\cpp\ethyl\builds\tmp\x64\release\vec2.obj
c:\stuff\dev\cpp\ethyl\builds\tmp\x64\release\mat4.obj
c:\stuff\dev\cpp\ethyl\builds\tmp\x64\release\window.obj
c:\stuff\dev\cpp\ethyl\builds\tmp\x64\release\shader.obj
c:\stuff\dev\cpp\ethyl\builds\tmp\x64\release\vbuffer.obj
c:\stuff\dev\cpp\ethyl\builds\tmp\x64\release\ibuffer.obj
c:\stuff\dev\cpp\ethyl\builds\tmp\x64\release\main.obj
c:\stuff\dev\cpp\ethyl\builds\x64\release\ethyl-core.exe
c:\stuff\dev\cpp\ethyl\builds\tmp\x64\release\ethyl-core.ipdb
c:\stuff\dev\cpp\ethyl\builds\tmp\x64\release\ethyl-core.iobj
c:\stuff\dev\cpp\ethyl\builds\x64\release\ethyl-core.pdb
c:\stuff\dev\cpp\ethyl\builds\tmp\x64\release\ethyl-core.tlog\cl.command.1.tlog
c:\stuff\dev\cpp\ethyl\builds\tmp\x64\release\ethyl-core.tlog\cl.read.1.tlog
c:\stuff\dev\cpp\ethyl\builds\tmp\x64\release\ethyl-core.tlog\cl.write.1.tlog
c:\stuff\dev\cpp\ethyl\builds\tmp\x64\release\ethyl-core.tlog\link.command.1.tlog
c:\stuff\dev\cpp\ethyl\builds\tmp\x64\release\ethyl-core.tlog\link.read.1.tlog
c:\stuff\dev\cpp\ethyl\builds\tmp\x64\release\ethyl-core.tlog\link.write.1.tlog
